{
  "RSpec": {
    "coverage": {
      "/Users/inito/Desktop/img-annotations/app/helpers/application_helper.rb": [
        1,
        null
      ],
      "/Users/inito/Desktop/img-annotations/app/models/annotated_image.rb": [
        1,
        1,
        1,
        1,
        null,
        1,
        0,
        0,
        null,
        0,
        null,
        null,
        1,
        0,
        0,
        null,
        null,
        null
      ],
      "/Users/inito/Desktop/img-annotations/app/models/application_record.rb": [
        1,
        1,
        null
      ],
      "/Users/inito/Desktop/img-annotations/app/mailers/application_mailer.rb": [
        0,
        0,
        0,
        0
      ],
      "/Users/inito/Desktop/img-annotations/app/jobs/application_job.rb": [
        0,
        null,
        null,
        null,
        null,
        null,
        0
      ],
      "/Users/inito/Desktop/img-annotations/app/controllers/application_controller.rb": [
        0,
        0
      ],
      "/Users/inito/Desktop/img-annotations/app/controllers/annotated_images_controller.rb": [
        0,
        0,
        0,
        null,
        0,
        0,
        0,
        null,
        0,
        0,
        0,
        0,
        0,
        0,
        0,
        0,
        0,
        0,
        0,
        0,
        0,
        null,
        0,
        0,
        0,
        null,
        0,
        0,
        0,
        0,
        0,
        0,
        0,
        0,
        null,
        0,
        0,
        null,
        0,
        0,
        0,
        0,
        0,
        0,
        0,
        0,
        0,
        0,
        0,
        0,
        0,
        0,
        0,
        0,
        null,
        0,
        0,
        0,
        0,
        null,
        0,
        null,
        0,
        null,
        0,
        null,
        0,
        null,
        0,
        0,
        0,
        0,
        0,
        null,
        0,
        0,
        0,
        0,
        null,
        0,
        0,
        0,
        0,
        0,
        0,
        0,
        0,
        null,
        0,
        0,
        0,
        0,
        null,
        0,
        0,
        null,
        0,
        0,
        0,
        null,
        0,
        0,
        0,
        null,
        0,
        0,
        0,
        0,
        0,
        0,
        0,
        0,
        0,
        0
      ],
      "/Users/inito/Desktop/img-annotations/app/controllers/welcome_controller.rb": [
        0,
        0,
        0
      ],
      "/Users/inito/Desktop/img-annotations/app/channels/application_cable/connection.rb": [
        0,
        0,
        0,
        0
      ],
      "/Users/inito/Desktop/img-annotations/app/channels/application_cable/channel.rb": [
        0,
        0,
        0,
        0
      ]
    },
    "timestamp": 1693375396
  }
}
