{
  "RSpec": {
    "coverage": {
      "/Users/inito/Desktop/img-annotations/app/helpers/application_helper.rb": [
        1,
        null
      ],
      "/Users/inito/Desktop/img-annotations/app/controllers/annotated_images_controller.rb": [
        1,
        null,
        1,
        1,
        null,
        1,
        1,
        null,
        null,
        1,
        8,
        8,
        null,
        8,
        2,
        null,
        6,
        6,
        null,
        null,
        null,
        1,
        3,
        3,
        3,
        2,
        2,
        4,
        null,
        null,
        1,
        1,
        1,
        1,
        1,
        null,
        null,
        null,
        null,
        null,
        1,
        1,
        1,
        null,
        1,
        1,
        null,
        0,
        0,
        null,
        null,
        null,
        1,
        null,
        1,
        null,
        1,
        0,
        0,
        0,
        null,
        null,
        null,
        1,
        null,
        1,
        4,
        null,
        null,
        1,
        11,
        null,
        null
      ],
      "/Users/inito/Desktop/img-annotations/app/services/image_service.rb": [
        1,
        1,
        null,
        1,
        12,
        8,
        null,
        4,
        null,
        12,
        11,
        11,
        11,
        11,
        null,
        12,
        12,
        null,
        null,
        1,
        11,
        0,
        null,
        11,
        null,
        null,
        null,
        1,
        3,
        null,
        null,
        1,
        1,
        1,
        null,
        0,
        null,
        null,
        null,
        1,
        0,
        0,
        null,
        0,
        0,
        0,
        0,
        null,
        0,
        0,
        null,
        0,
        null,
        null,
        null,
        null,
        1,
        11,
        null,
        null,
        1,
        11,
        11,
        11,
        null,
        11,
        11,
        null,
        5,
        4,
        null,
        1,
        null,
        null,
        null,
        1,
        11,
        11,
        11,
        11,
        11,
        null,
        null,
        1,
        11,
        11,
        5,
        18,
        null,
        null,
        11,
        null,
        null
      ],
      "/Users/inito/Desktop/img-annotations/app/controllers/application_controller.rb": [
        1,
        null
      ],
      "/Users/inito/Desktop/img-annotations/app/controllers/welcome_controller.rb": [
        1,
        1,
        null
      ],
      "/Users/inito/Desktop/img-annotations/app/models/annotated_image.rb": [
        1,
        1,
        1,
        1,
        null,
        1,
        15,
        26,
        null,
        9,
        null,
        null,
        1,
        14,
        14,
        null,
        null,
        null
      ],
      "/Users/inito/Desktop/img-annotations/app/models/application_record.rb": [
        1,
        1,
        null
      ],
      "/Users/inito/Desktop/img-annotations/app/mailers/application_mailer.rb": [
        0,
        0,
        0,
        0
      ],
      "/Users/inito/Desktop/img-annotations/app/jobs/application_job.rb": [
        0,
        null,
        null,
        null,
        null,
        null,
        0
      ],
      "/Users/inito/Desktop/img-annotations/app/channels/application_cable/connection.rb": [
        0,
        0,
        0,
        0
      ],
      "/Users/inito/Desktop/img-annotations/app/channels/application_cable/channel.rb": [
        0,
        0,
        0,
        0
      ]
    },
    "timestamp": 1693556528
  }
}
